This file contains any messages produced by compilers while
running configure, to aid debugging if configure makes a mistake.

It was created by PhyML configure 20160115, which was
generated by GNU Autoconf 2.68.  Invocation command line was

  $ ./configure --no-create --no-recursion

## --------- ##
## Platform. ##
## --------- ##

hostname = pc-bork62
uname -m = x86_64
uname -r = 3.4.0-030400-generic
uname -s = Linux
uname -v = #201205210521 SMP Mon May 21 09:22:02 UTC 2012

/usr/bin/uname -p = unknown
/bin/uname -X     = unknown

/bin/arch              = unknown
/usr/bin/arch -k       = unknown
/usr/convex/getsysinfo = unknown
/usr/bin/hostinfo      = unknown
/bin/machine           = unknown
/usr/bin/oslevel       = unknown
/bin/universe          = unknown

PATH: /home/huerta/anaconda_ete/bin/
PATH: /usr/local/sbin
PATH: /usr/local/bin
PATH: /usr/sbin
PATH: /usr/bin
PATH: /sbin
PATH: /bin
PATH: /usr/games
PATH: /home/huerta/_Devel/BUILD_NPR/ext_apps/bin/


## ----------- ##
## Core tests. ##
## ----------- ##

configure:2273: checking for a BSD-compatible install
configure:2341: result: /usr/bin/install -c
configure:2352: checking whether build environment is sane
configure:2402: result: yes
configure:2543: checking for a thread-safe mkdir -p
configure:2582: result: /bin/mkdir -p
configure:2595: checking for gawk
configure:2611: found /usr/bin/gawk
configure:2622: result: gawk
configure:2633: checking whether make sets $(MAKE)
configure:2655: result: yes
configure:2746: checking whether make supports nested variables
configure:2763: result: yes
configure:2852: checking build system type
configure:2866: result: x86_64-unknown-linux-gnu
configure:2886: checking host system type
configure:2899: result: x86_64-unknown-linux-gnu
configure:2969: checking for gcc
configure:2985: found /home/huerta/anaconda_ete/bin//gcc
configure:2996: result: gcc
configure:3225: checking for C compiler version
configure:3234: gcc --version >&5
gcc (GCC) 4.8.5
Copyright (C) 2015 Free Software Foundation, Inc.
This is free software; see the source for copying conditions.  There is NO
warranty; not even for MERCHANTABILITY or FITNESS FOR A PARTICULAR PURPOSE.

configure:3245: $? = 0
configure:3234: gcc -v >&5
Reading specs from /home/huerta/anaconda_ete/lib/gcc/x86_64-unknown-linux-gnu/4.8.5/specs
COLLECT_GCC=gcc
COLLECT_LTO_WRAPPER=/home/huerta/anaconda_ete/gcc/libexec/gcc/x86_64-unknown-linux-gnu/4.8.5/lto-wrapper
Target: x86_64-unknown-linux-gnu
Configured with: ./configure --prefix=/home/huerta/anaconda_ete/gcc --with-gxx-include-dir=/home/huerta/anaconda_ete/gcc/include/c++ --bindir=/home/huerta/anaconda_ete/bin --datarootdir=/home/huerta/anaconda_ete/share --libdir=/home/huerta/anaconda_ete/lib --with-gmp=/home/huerta/anaconda_ete --with-mpfr=/home/huerta/anaconda_ete --with-mpc=/home/huerta/anaconda_ete --with-isl=/home/huerta/anaconda_ete --with-cloog=/home/huerta/anaconda_ete --enable-checking=release --with-tune=generic --disable-multilib
Thread model: posix
gcc version 4.8.5 (GCC) 
configure:3245: $? = 0
configure:3234: gcc -V >&5
gcc: error: unrecognized command line option '-V'
gcc: fatal error: no input files
compilation terminated.
configure:3245: $? = 1
configure:3234: gcc -qversion >&5
gcc: error: unrecognized command line option '-qversion'
gcc: fatal error: no input files
compilation terminated.
configure:3245: $? = 1
configure:3265: checking whether the C compiler works
configure:3287: gcc    conftest.c  >&5
configure:3291: $? = 0
configure:3339: result: yes
configure:3342: checking for C compiler default output file name
configure:3344: result: a.out
configure:3350: checking for suffix of executables
configure:3357: gcc -o conftest    conftest.c  >&5
configure:3361: $? = 0
configure:3383: result: 
configure:3405: checking whether we are cross compiling
configure:3413: gcc -o conftest    conftest.c  >&5
configure:3417: $? = 0
configure:3424: ./conftest
configure:3428: $? = 0
configure:3443: result: no
configure:3448: checking for suffix of object files
configure:3470: gcc -c   conftest.c >&5
configure:3474: $? = 0
configure:3495: result: o
configure:3499: checking whether we are using the GNU C compiler
configure:3518: gcc -c   conftest.c >&5
configure:3518: $? = 0
configure:3527: result: yes
configure:3536: checking whether gcc accepts -g
configure:3556: gcc -c -g  conftest.c >&5
configure:3556: $? = 0
configure:3597: result: yes
configure:3614: checking for gcc option to accept ISO C89
configure:3678: gcc  -c -g -O2  conftest.c >&5
configure:3678: $? = 0
configure:3691: result: none needed
configure:3722: checking for style of include used by make
configure:3750: result: GNU
configure:3776: checking dependency style of gcc
configure:3887: result: gcc3
configure:3904: checking dependency style of gcc
configure:4015: result: gcc3
configure:4033: checking for log in -lm
configure:4058: gcc -o conftest -g -O2   conftest.c -lm   >&5
conftest.c:22:6: warning: conflicting types for built-in function 'log' [enabled by default]
 char log ();
      ^
configure:4058: $? = 0
configure:4067: result: yes
configure:4085: checking how to run the C preprocessor
configure:4116: gcc -E  conftest.c
configure:4116: $? = 0
configure:4130: gcc -E  conftest.c
conftest.c:16:28: fatal error: ac_nonexistent.h: No such file or directory
 #include <ac_nonexistent.h>
                            ^
compilation terminated.
configure:4130: $? = 1
configure: failed program was:
| /* confdefs.h */
| #define PACKAGE_NAME "PhyML"
| #define PACKAGE_TARNAME "phyml"
| #define PACKAGE_VERSION "20160115"
| #define PACKAGE_STRING "PhyML 20160115"
| #define PACKAGE_BUGREPORT "s.guindon@auckland.ac.nz"
| #define PACKAGE_URL ""
| #define PACKAGE "phyml"
| #define VERSION "20160115"
| #define UNIX 1
| #define DEBUG 1
| #define PACKAGE "phyml"
| #define VERSION "20160115"
| #define HAVE_LIBM 1
| /* end confdefs.h.  */
| #include <ac_nonexistent.h>
configure:4155: result: gcc -E
configure:4175: gcc -E  conftest.c
configure:4175: $? = 0
configure:4189: gcc -E  conftest.c
conftest.c:16:28: fatal error: ac_nonexistent.h: No such file or directory
 #include <ac_nonexistent.h>
                            ^
compilation terminated.
configure:4189: $? = 1
configure: failed program was:
| /* confdefs.h */
| #define PACKAGE_NAME "PhyML"
| #define PACKAGE_TARNAME "phyml"
| #define PACKAGE_VERSION "20160115"
| #define PACKAGE_STRING "PhyML 20160115"
| #define PACKAGE_BUGREPORT "s.guindon@auckland.ac.nz"
| #define PACKAGE_URL ""
| #define PACKAGE "phyml"
| #define VERSION "20160115"
| #define UNIX 1
| #define DEBUG 1
| #define PACKAGE "phyml"
| #define VERSION "20160115"
| #define HAVE_LIBM 1
| /* end confdefs.h.  */
| #include <ac_nonexistent.h>
configure:4218: checking for grep that handles long lines and -e
configure:4276: result: /bin/grep
configure:4281: checking for egrep
configure:4343: result: /bin/grep -E
configure:4348: checking for ANSI C header files
configure:4368: gcc -c -g -O2  conftest.c >&5
configure:4368: $? = 0
configure:4441: gcc -o conftest -g -O2   conftest.c -lm  >&5
configure:4441: $? = 0
configure:4441: ./conftest
configure:4441: $? = 0
configure:4452: result: yes
configure:4465: checking for sys/types.h
configure:4465: gcc -c -g -O2  conftest.c >&5
configure:4465: $? = 0
configure:4465: result: yes
configure:4465: checking for sys/stat.h
configure:4465: gcc -c -g -O2  conftest.c >&5
configure:4465: $? = 0
configure:4465: result: yes
configure:4465: checking for stdlib.h
configure:4465: gcc -c -g -O2  conftest.c >&5
configure:4465: $? = 0
configure:4465: result: yes
configure:4465: checking for string.h
configure:4465: gcc -c -g -O2  conftest.c >&5
configure:4465: $? = 0
configure:4465: result: yes
configure:4465: checking for memory.h
configure:4465: gcc -c -g -O2  conftest.c >&5
configure:4465: $? = 0
configure:4465: result: yes
configure:4465: checking for strings.h
configure:4465: gcc -c -g -O2  conftest.c >&5
configure:4465: $? = 0
configure:4465: result: yes
configure:4465: checking for inttypes.h
configure:4465: gcc -c -g -O2  conftest.c >&5
configure:4465: $? = 0
configure:4465: result: yes
configure:4465: checking for stdint.h
configure:4465: gcc -c -g -O2  conftest.c >&5
configure:4465: $? = 0
configure:4465: result: yes
configure:4465: checking for unistd.h
configure:4465: gcc -c -g -O2  conftest.c >&5
configure:4465: $? = 0
configure:4465: result: yes
configure:4480: checking float.h usability
configure:4480: gcc -c -g -O2  conftest.c >&5
configure:4480: $? = 0
configure:4480: result: yes
configure:4480: checking float.h presence
configure:4480: gcc -E  conftest.c
configure:4480: $? = 0
configure:4480: result: yes
configure:4480: checking for float.h
configure:4480: result: yes
configure:4480: checking for stdlib.h
configure:4480: result: yes
configure:4480: checking for string.h
configure:4480: result: yes
configure:4480: checking for unistd.h
configure:4480: result: yes
configure:4492: checking for an ANSI C-conforming const
configure:4557: gcc -c -g -O2  conftest.c >&5
configure:4557: $? = 0
configure:4564: result: yes
configure:4572: checking for inline
configure:4588: gcc -c -g -O2  conftest.c >&5
configure:4588: $? = 0
configure:4596: result: inline
configure:4614: checking for size_t
configure:4614: gcc -c -g -O2  conftest.c >&5
configure:4614: $? = 0
configure:4614: gcc -c -g -O2  conftest.c >&5
conftest.c: In function 'main':
conftest.c:66:21: error: expected expression before ')' token
 if (sizeof ((size_t)))
                     ^
configure:4614: $? = 1
configure: failed program was:
| /* confdefs.h */
| #define PACKAGE_NAME "PhyML"
| #define PACKAGE_TARNAME "phyml"
| #define PACKAGE_VERSION "20160115"
| #define PACKAGE_STRING "PhyML 20160115"
| #define PACKAGE_BUGREPORT "s.guindon@auckland.ac.nz"
| #define PACKAGE_URL ""
| #define PACKAGE "phyml"
| #define VERSION "20160115"
| #define UNIX 1
| #define DEBUG 1
| #define PACKAGE "phyml"
| #define VERSION "20160115"
| #define HAVE_LIBM 1
| #define STDC_HEADERS 1
| #define HAVE_SYS_TYPES_H 1
| #define HAVE_SYS_STAT_H 1
| #define HAVE_STDLIB_H 1
| #define HAVE_STRING_H 1
| #define HAVE_MEMORY_H 1
| #define HAVE_STRINGS_H 1
| #define HAVE_INTTYPES_H 1
| #define HAVE_STDINT_H 1
| #define HAVE_UNISTD_H 1
| #define HAVE_FLOAT_H 1
| #define HAVE_STDLIB_H 1
| #define HAVE_STRING_H 1
| #define HAVE_UNISTD_H 1
| /* end confdefs.h.  */
| #include <stdio.h>
| #ifdef HAVE_SYS_TYPES_H
| # include <sys/types.h>
| #endif
| #ifdef HAVE_SYS_STAT_H
| # include <sys/stat.h>
| #endif
| #ifdef STDC_HEADERS
| # include <stdlib.h>
| # include <stddef.h>
| #else
| # ifdef HAVE_STDLIB_H
| #  include <stdlib.h>
| # endif
| #endif
| #ifdef HAVE_STRING_H
| # if !defined STDC_HEADERS && defined HAVE_MEMORY_H
| #  include <memory.h>
| # endif
| # include <string.h>
| #endif
| #ifdef HAVE_STRINGS_H
| # include <strings.h>
| #endif
| #ifdef HAVE_INTTYPES_H
| # include <inttypes.h>
| #endif
| #ifdef HAVE_STDINT_H
| # include <stdint.h>
| #endif
| #ifdef HAVE_UNISTD_H
| # include <unistd.h>
| #endif
| int
| main ()
| {
| if (sizeof ((size_t)))
| 	    return 0;
|   ;
|   return 0;
| }
configure:4614: result: yes
configure:4629: checking for stdlib.h
configure:4629: result: yes
configure:4639: checking for GNU libc compatible malloc
configure:4663: gcc -o conftest -g -O2   conftest.c -lm  >&5
configure:4663: $? = 0
configure:4663: ./conftest
configure:4663: $? = 0
configure:4673: result: yes
configure:4696: checking for stdlib.h
configure:4696: result: yes
configure:4706: checking for GNU libc compatible realloc
configure:4730: gcc -o conftest -g -O2   conftest.c -lm  >&5
configure:4730: $? = 0
configure:4730: ./conftest
configure:4730: $? = 0
configure:4740: result: yes
configure:4770: checking for vprintf
configure:4770: gcc -o conftest -g -O2   conftest.c -lm  >&5
conftest.c:57:6: warning: conflicting types for built-in function 'vprintf' [enabled by default]
 char vprintf ();
      ^
configure:4770: $? = 0
configure:4770: result: yes
configure:4776: checking for _doprnt
configure:4776: gcc -o conftest -g -O2   conftest.c -lm  >&5
/tmp/ccELmJaq.o: In function `main':
/home/huerta/_Devel/ext_apps/src/phyml-20120412-patched/conftest.c:69: undefined reference to `_doprnt'
collect2: error: ld returned 1 exit status
configure:4776: $? = 1
configure: failed program was:
| /* confdefs.h */
| #define PACKAGE_NAME "PhyML"
| #define PACKAGE_TARNAME "phyml"
| #define PACKAGE_VERSION "20160115"
| #define PACKAGE_STRING "PhyML 20160115"
| #define PACKAGE_BUGREPORT "s.guindon@auckland.ac.nz"
| #define PACKAGE_URL ""
| #define PACKAGE "phyml"
| #define VERSION "20160115"
| #define UNIX 1
| #define DEBUG 1
| #define PACKAGE "phyml"
| #define VERSION "20160115"
| #define HAVE_LIBM 1
| #define STDC_HEADERS 1
| #define HAVE_SYS_TYPES_H 1
| #define HAVE_SYS_STAT_H 1
| #define HAVE_STDLIB_H 1
| #define HAVE_STRING_H 1
| #define HAVE_MEMORY_H 1
| #define HAVE_STRINGS_H 1
| #define HAVE_INTTYPES_H 1
| #define HAVE_STDINT_H 1
| #define HAVE_UNISTD_H 1
| #define HAVE_FLOAT_H 1
| #define HAVE_STDLIB_H 1
| #define HAVE_STRING_H 1
| #define HAVE_UNISTD_H 1
| #define HAVE_STDLIB_H 1
| #define HAVE_MALLOC 1
| #define HAVE_STDLIB_H 1
| #define HAVE_REALLOC 1
| #define HAVE_VPRINTF 1
| /* end confdefs.h.  */
| /* Define _doprnt to an innocuous variant, in case <limits.h> declares _doprnt.
|    For example, HP-UX 11i <limits.h> declares gettimeofday.  */
| #define _doprnt innocuous__doprnt
| 
| /* System header to define __stub macros and hopefully few prototypes,
|     which can conflict with char _doprnt (); below.
|     Prefer <limits.h> to <assert.h> if __STDC__ is defined, since
|     <limits.h> exists even on freestanding compilers.  */
| 
| #ifdef __STDC__
| # include <limits.h>
| #else
| # include <assert.h>
| #endif
| 
| #undef _doprnt
| 
| /* Override any GCC internal prototype to avoid an error.
|    Use char because int might match the return type of a GCC
|    builtin and then its argument prototype would still apply.  */
| #ifdef __cplusplus
| extern "C"
| #endif
| char _doprnt ();
| /* The GNU C library defines this for functions which it implements
|     to always fail with ENOSYS.  Some functions are actually named
|     something starting with __ and the normal name is an alias.  */
| #if defined __stub__doprnt || defined __stub____doprnt
| choke me
| #endif
| 
| int
| main ()
| {
| return _doprnt ();
|   ;
|   return 0;
| }
configure:4776: result: no
configure:4790: checking for floor
configure:4790: gcc -o conftest -g -O2   conftest.c -lm  >&5
conftest.c:58:6: warning: conflicting types for built-in function 'floor' [enabled by default]
 char floor ();
      ^
configure:4790: $? = 0
configure:4790: result: yes
configure:4790: checking for pow
configure:4790: gcc -o conftest -g -O2   conftest.c -lm  >&5
conftest.c:59:6: warning: conflicting types for built-in function 'pow' [enabled by default]
 char pow ();
      ^
configure:4790: $? = 0
configure:4790: result: yes
configure:4790: checking for rint
configure:4790: gcc -o conftest -g -O2   conftest.c -lm  >&5
conftest.c:60:6: warning: conflicting types for built-in function 'rint' [enabled by default]
 char rint ();
      ^
configure:4790: $? = 0
configure:4790: result: yes
configure:4790: checking for sqrt
configure:4790: gcc -o conftest -g -O2   conftest.c -lm  >&5
conftest.c:61:6: warning: conflicting types for built-in function 'sqrt' [enabled by default]
 char sqrt ();
      ^
configure:4790: $? = 0
configure:4790: result: yes
configure:4790: checking for strchr
configure:4790: gcc -o conftest -g -O2   conftest.c -lm  >&5
conftest.c:62:6: warning: conflicting types for built-in function 'strchr' [enabled by default]
 char strchr ();
      ^
configure:4790: $? = 0
configure:4790: result: yes
configure:4790: checking for strstr
configure:4790: gcc -o conftest -g -O2   conftest.c -lm  >&5
conftest.c:63:6: warning: conflicting types for built-in function 'strstr' [enabled by default]
 char strstr ();
      ^
configure:4790: $? = 0
configure:4790: result: yes
configure:5212: creating ./config.status

## ---------------- ##
## Cache variables. ##
## ---------------- ##

ac_cv_build=x86_64-unknown-linux-gnu
ac_cv_c_compiler_gnu=yes
ac_cv_c_const=yes
ac_cv_c_inline=inline
ac_cv_env_CC_set=
ac_cv_env_CC_value=
ac_cv_env_CFLAGS_set=
ac_cv_env_CFLAGS_value=
ac_cv_env_CPPFLAGS_set=
ac_cv_env_CPPFLAGS_value=
ac_cv_env_CPP_set=
ac_cv_env_CPP_value=
ac_cv_env_LDFLAGS_set=
ac_cv_env_LDFLAGS_value=
ac_cv_env_LIBS_set=
ac_cv_env_LIBS_value=
ac_cv_env_build_alias_set=
ac_cv_env_build_alias_value=
ac_cv_env_host_alias_set=
ac_cv_env_host_alias_value=
ac_cv_env_target_alias_set=
ac_cv_env_target_alias_value=
ac_cv_func__doprnt=no
ac_cv_func_floor=yes
ac_cv_func_malloc_0_nonnull=yes
ac_cv_func_pow=yes
ac_cv_func_realloc_0_nonnull=yes
ac_cv_func_rint=yes
ac_cv_func_setvbuf_reversed=no
ac_cv_func_sqrt=yes
ac_cv_func_strchr=yes
ac_cv_func_strstr=yes
ac_cv_func_vprintf=yes
ac_cv_header_float_h=yes
ac_cv_header_inttypes_h=yes
ac_cv_header_memory_h=yes
ac_cv_header_stdc=yes
ac_cv_header_stdint_h=yes
ac_cv_header_stdlib_h=yes
ac_cv_header_string_h=yes
ac_cv_header_strings_h=yes
ac_cv_header_sys_stat_h=yes
ac_cv_header_sys_types_h=yes
ac_cv_header_unistd_h=yes
ac_cv_host=x86_64-unknown-linux-gnu
ac_cv_lib_m_log=yes
ac_cv_objext=o
ac_cv_path_EGREP='/bin/grep -E'
ac_cv_path_GREP=/bin/grep
ac_cv_path_install='/usr/bin/install -c'
ac_cv_path_mkdir=/bin/mkdir
ac_cv_prog_AWK=gawk
ac_cv_prog_CPP='gcc -E'
ac_cv_prog_ac_ct_CC=gcc
ac_cv_prog_cc_c89=
ac_cv_prog_cc_g=yes
ac_cv_prog_make_make_set=yes
ac_cv_type_size_t=yes
am_cv_CC_dependencies_compiler_type=gcc3
am_cv_make_support_nested_variables=yes

## ----------------- ##
## Output variables. ##
## ----------------- ##

ACLOCAL='${SHELL} /home/huerta/_Devel/ext_apps/src/phyml-20120412-patched/missing --run aclocal-1.11'
AMDEPBACKSLASH='\'
AMDEP_FALSE='#'
AMDEP_TRUE=''
AMTAR='$${TAR-tar}'
AM_BACKSLASH='\'
AM_DEFAULT_V='$(AM_DEFAULT_VERBOSITY)'
AM_DEFAULT_VERBOSITY='1'
AM_V='$(V)'
AUTOCONF='${SHELL} /home/huerta/_Devel/ext_apps/src/phyml-20120412-patched/missing --run autoconf'
AUTOHEADER='${SHELL} /home/huerta/_Devel/ext_apps/src/phyml-20120412-patched/missing --run autoheader'
AUTOMAKE='${SHELL} /home/huerta/_Devel/ext_apps/src/phyml-20120412-patched/missing --run automake-1.11'
AWK='gawk'
CC='gcc'
CCDEPMODE='depmode=gcc3'
CFLAGS='-Wall -O2 -msse -fomit-frame-pointer -funroll-loops '
CPP='gcc -E'
CPPFLAGS=''
CYGPATH_W='echo'
DEFS='-DHAVE_CONFIG_H'
DEPDIR='.deps'
ECHO_C=''
ECHO_N='-n'
ECHO_T=''
EGREP='/bin/grep -E'
EXEEXT=''
GREP='/bin/grep'
INSTALL_DATA='${INSTALL} -m 644'
INSTALL_PROGRAM='${INSTALL}'
INSTALL_SCRIPT='${INSTALL}'
INSTALL_STRIP_PROGRAM='$(install_sh) -c -s'
LDFLAGS=''
LIBOBJS=''
LIBS='-lm '
LTLIBOBJS=''
MAKEINFO='${SHELL} /home/huerta/_Devel/ext_apps/src/phyml-20120412-patched/missing --run makeinfo'
MKDIR_P='/bin/mkdir -p'
OBJEXT='o'
PACKAGE='phyml'
PACKAGE_BUGREPORT='s.guindon@auckland.ac.nz'
PACKAGE_NAME='PhyML'
PACKAGE_STRING='PhyML 20160115'
PACKAGE_TARNAME='phyml'
PACKAGE_URL=''
PACKAGE_VERSION='20160115'
PATH_SEPARATOR=':'
SET_MAKE=''
SHELL='/bin/bash'
STRIP=''
VERSION='20160115'
WANT_M4_FALSE=''
WANT_M4_TRUE='#'
WANT_MPI_FALSE=''
WANT_MPI_TRUE='#'
WANT_PART_FALSE=''
WANT_PART_TRUE='#'
WANT_PHYCONT_FALSE=''
WANT_PHYCONT_TRUE='#'
WANT_PHYTIME_FALSE=''
WANT_PHYTIME_TRUE='#'
WANT_RF_FALSE=''
WANT_RF_TRUE='#'
WANT_RWRAP_FALSE=''
WANT_RWRAP_TRUE='#'
WANT_TEST_FALSE=''
WANT_TEST_TRUE='#'
WANT_TIPORDER_FALSE=''
WANT_TIPORDER_TRUE='#'
ac_ct_CC='gcc'
am__EXEEXT_FALSE=''
am__EXEEXT_TRUE='#'
am__fastdepCC_FALSE='#'
am__fastdepCC_TRUE=''
am__include='include'
am__isrc=''
am__leading_dot='.'
am__nodep='_no'
am__quote=''
am__tar='$${TAR-tar} chof - "$$tardir"'
am__untar='$${TAR-tar} xf -'
bindir='${exec_prefix}/bin'
build='x86_64-unknown-linux-gnu'
build_alias=''
build_cpu='x86_64'
build_os='linux-gnu'
build_vendor='unknown'
datadir='${datarootdir}'
datarootdir='${prefix}/share'
docdir='${datarootdir}/doc/${PACKAGE_TARNAME}'
dvidir='${docdir}'
exec_prefix='${prefix}'
host='x86_64-unknown-linux-gnu'
host_alias=''
host_cpu='x86_64'
host_os='linux-gnu'
host_vendor='unknown'
htmldir='${docdir}'
includedir='${prefix}/include'
infodir='${datarootdir}/info'
install_sh='${SHELL} /home/huerta/_Devel/ext_apps/src/phyml-20120412-patched/install-sh'
libdir='${exec_prefix}/lib'
libexecdir='${exec_prefix}/libexec'
localedir='${datarootdir}/locale'
localstatedir='${prefix}/var'
mandir='${datarootdir}/man'
mkdir_p='/bin/mkdir -p'
oldincludedir='/usr/include'
pdfdir='${docdir}'
prefix='/usr/local'
program_transform_name='s,x,x,'
psdir='${docdir}'
sbindir='${exec_prefix}/sbin'
sharedstatedir='${prefix}/com'
sysconfdir='${prefix}/etc'
target_alias=''

## ----------- ##
## confdefs.h. ##
## ----------- ##

/* confdefs.h */
#define PACKAGE_NAME "PhyML"
#define PACKAGE_TARNAME "phyml"
#define PACKAGE_VERSION "20160115"
#define PACKAGE_STRING "PhyML 20160115"
#define PACKAGE_BUGREPORT "s.guindon@auckland.ac.nz"
#define PACKAGE_URL ""
#define PACKAGE "phyml"
#define VERSION "20160115"
#define UNIX 1
#define DEBUG 1
#define PACKAGE "phyml"
#define VERSION "20160115"
#define HAVE_LIBM 1
#define STDC_HEADERS 1
#define HAVE_SYS_TYPES_H 1
#define HAVE_SYS_STAT_H 1
#define HAVE_STDLIB_H 1
#define HAVE_STRING_H 1
#define HAVE_MEMORY_H 1
#define HAVE_STRINGS_H 1
#define HAVE_INTTYPES_H 1
#define HAVE_STDINT_H 1
#define HAVE_UNISTD_H 1
#define HAVE_FLOAT_H 1
#define HAVE_STDLIB_H 1
#define HAVE_STRING_H 1
#define HAVE_UNISTD_H 1
#define HAVE_STDLIB_H 1
#define HAVE_MALLOC 1
#define HAVE_STDLIB_H 1
#define HAVE_REALLOC 1
#define HAVE_VPRINTF 1
#define HAVE_FLOOR 1
#define HAVE_POW 1
#define HAVE_RINT 1
#define HAVE_SQRT 1
#define HAVE_STRCHR 1
#define HAVE_STRSTR 1
#define PHYML 1

configure: exit 0

## ---------------------- ##
## Running config.status. ##
## ---------------------- ##

This file was extended by PhyML config.status 20160115, which was
generated by GNU Autoconf 2.68.  Invocation command line was

  CONFIG_FILES    = 
  CONFIG_HEADERS  = 
  CONFIG_LINKS    = 
  CONFIG_COMMANDS = 
  $ ./config.status 

on pc-bork62

config.status:912: creating Makefile
config.status:912: creating src/Makefile
config.status:912: creating config.h
config.status:1141: executing depfiles commands

## ---------------------- ##
## Running config.status. ##
## ---------------------- ##

This file was extended by PhyML config.status 20160115, which was
generated by GNU Autoconf 2.68.  Invocation command line was

  CONFIG_FILES    = 
  CONFIG_HEADERS  = 
  CONFIG_LINKS    = 
  CONFIG_COMMANDS = 
  $ ./config.status config.h

on pc-bork62

config.status:912: creating config.h
config.status:1093: config.h is unchanged
